2011/09/29 17:57:19 [error] [php] Undefined variable: withOption (/var/www/yiiblognew/protected/controllers/PostController.php:168)
Stack trace:
#0 /var/www/yii/framework/web/filters/CFilterChain.php(134): PostController->runAction()
#1 /var/www/yii/framework/web/filters/CFilter.php(41): CFilterChain->run()
#2 /var/www/yii/framework/web/CController.php(1144): CAccessControlFilter->filter()
#3 /var/www/yii/framework/web/filters/CInlineFilter.php(59): PostController->filterAccessControl()
#4 /var/www/yii/framework/web/filters/CFilterChain.php(131): CInlineFilter->filter()
#5 /var/www/yii/framework/web/CController.php(283): CFilterChain->run()
#6 /var/www/yii/framework/web/CController.php(257): PostController->runActionWithFilters()
#7 /var/www/yii/framework/web/CWebApplication.php(277): PostController->run()
#8 /var/www/yii/framework/web/CWebApplication.php(136): CWebApplication->runController()
#9 /var/www/yii/framework/base/CApplication.php(158): CWebApplication->processRequest()
#10 /var/www/yiiblognew/index.php(11): CWebApplication->run()
REQUEST_URI=/yiiblognew/
2011/09/29 17:58:19 [error] [exception.CException] exception 'CException' with message 'CAssetManager.basePath "/var/www/yiiblognew/assets" 是无效的. 请确定它是一个可被 Web server process 写入资料的目录.' in /var/www/yii/framework/web/CAssetManager.php:112
Stack trace:
#0 /var/www/yii/framework/web/CAssetManager.php(97): CAssetManager->setBasePath('/var/www/yiiblo...')
#1 /var/www/yii/framework/web/CAssetManager.php(176): CAssetManager->getBasePath()
#2 /var/www/yii/framework/web/helpers/CHtml.php(1059): CAssetManager->publish('/var/www/yii/fr...', false)
#3 /var/www/yii/framework/web/widgets/pagers/CLinkPager.php(193): CHtml::asset('/var/www/yii/fr...')
#4 /var/www/yii/framework/web/widgets/pagers/CLinkPager.php(182): CLinkPager::registerCssFile(NULL)
#5 /var/www/yii/framework/web/widgets/pagers/CLinkPager.php(97): CLinkPager->registerClientScript()
#6 /var/www/yii/framework/web/CBaseController.php(166): CLinkPager->run()
#7 /var/www/yiiblognew/themes/classic/views/post/list.php(12): CBaseController->widget('CLinkPager', Array)
#8 /var/www/yii/framework/web/CBaseController.php(119): require('/var/www/yiiblo...')
#9 /var/www/yii/framework/web/CBaseController.php(88): CBaseController->renderInternal('/var/www/yiiblo...', Array, true)
#10 /var/www/yii/framework/web/CController.php(866): CBaseController->renderFile('/var/www/yiiblo...', Array, true)
#11 /var/www/yii/framework/web/CController.php(779): CController->renderPartial('list', Array, true)
#12 /var/www/yiiblognew/protected/controllers/PostController.php(177): CController->render('list', Array)
#13 /var/www/yii/framework/web/actions/CInlineAction.php(50): PostController->actionList()
#14 /var/www/yii/framework/web/CController.php(300): CInlineAction->runWithParams(Array)
#15 /var/www/yii/framework/web/filters/CFilterChain.php(134): CController->runAction(Object(CInlineAction))
#16 /var/www/yii/framework/web/filters/CFilter.php(41): CFilterChain->run()
#17 /var/www/yii/framework/web/CController.php(1144): CFilter->filter(Object(CFilterChain))
#18 /var/www/yii/framework/web/filters/CInlineFilter.php(59): CController->filterAccessControl(Object(CFilterChain))
#19 /var/www/yii/framework/web/filters/CFilterChain.php(131): CInlineFilter->filter(Object(CFilterChain))
#20 /var/www/yii/framework/web/CController.php(283): CFilterChain->run()
#21 /var/www/yii/framework/web/CController.php(257): CController->runActionWithFilters(Object(CInlineAction), Array)
#22 /var/www/yii/framework/web/CWebApplication.php(277): CController->run('')
#23 /var/www/yii/framework/web/CWebApplication.php(136): CWebApplication->runController('')
#24 /var/www/yii/framework/base/CApplication.php(158): CWebApplication->processRequest()
#25 /var/www/yiiblognew/index.php(11): CApplication->run()
#26 {main} REQUEST_URI=/yiiblognew/
2011/09/29 17:58:38 [error] [system.db.CDbCommand] CDbCommand::fetchAll() failed: SQLSTATE[42S22]: Column not found: 1054 Unknown column 'Tag.id' in 'on clause'. The SQL statement executed was: SELECT name, COUNT(postId) as weight FROM `Tag` `t` INNER JOIN PostTag ON Tag.id=PostTag.tagId GROUP BY name HAVING COUNT(postId)>0 ORDER BY weight DESC LIMIT 20.
2011/09/29 17:58:38 [error] [exception.CDbException] exception 'CDbException' with message 'CDbCommand 无法执行 SQL 语句: SQLSTATE[42S22]: Column not found: 1054 Unknown column 'Tag.id' in 'on clause'. The SQL statement executed was: SELECT name, COUNT(postId) as weight FROM `Tag` `t` INNER JOIN PostTag ON Tag.id=PostTag.tagId GROUP BY name HAVING COUNT(postId)>0 ORDER BY weight DESC LIMIT 20' in /var/www/yii/framework/db/CDbCommand.php:516
Stack trace:
#0 /var/www/yii/framework/db/CDbCommand.php(374): CDbCommand->queryInternal('fetchAll', Array, Array)
#1 /var/www/yiiblognew/protected/models/Tag.php(45): CDbCommand->queryAll()
#2 /var/www/yiiblognew/protected/components/TagCloud.php(9): Tag->findTagWeights()
#3 /var/www/yii/framework/base/CComponent.php(112): TagCloud->getTagWeights()
#4 /var/www/yiiblognew/themes/classic/views/portlets/tagCloud.php(1): CComponent->__get('TagWeights')
#5 /var/www/yii/framework/web/CBaseController.php(123): require('/var/www/yiiblo...')
#6 /var/www/yii/framework/web/CBaseController.php(88): CBaseController->renderInternal('/var/www/yiiblo...', NULL, false)
#7 /var/www/yii/framework/web/widgets/CWidget.php(242): CBaseController->renderFile('/var/www/yiiblo...', NULL, false)
#8 /var/www/yiiblognew/protected/components/TagCloud.php(14): CWidget->render('tagCloud')
#9 /var/www/yiiblognew/protected/components/Portlet.php(33): TagCloud->renderContent()
#10 /var/www/yii/framework/web/CBaseController.php(166): Portlet->run()
#11 /var/www/yiiblognew/themes/classic/views/layouts/main.php(32): CBaseController->widget('TagCloud')
#12 /var/www/yii/framework/web/CBaseController.php(119): require('/var/www/yiiblo...')
#13 /var/www/yii/framework/web/CBaseController.php(88): CBaseController->renderInternal('/var/www/yiiblo...', Array, true)
#14 /var/www/yii/framework/web/CController.php(781): CBaseController->renderFile('/var/www/yiiblo...', Array, true)
#15 /var/www/yiiblognew/protected/controllers/PostController.php(177): CController->render('list', Array)
#16 /var/www/yii/framework/web/actions/CInlineAction.php(50): PostController->actionList()
#17 /var/www/yii/framework/web/CController.php(300): CInlineAction->runWithParams(Array)
#18 /var/www/yii/framework/web/filters/CFilterChain.php(134): CController->runAction(Object(CInlineAction))
#19 /var/www/yii/framework/web/filters/CFilter.php(41): CFilterChain->run()
#20 /var/www/yii/framework/web/CController.php(1144): CFilter->filter(Object(CFilterChain))
#21 /var/www/yii/framework/web/filters/CInlineFilter.php(59): CController->filterAccessControl(Object(CFilterChain))
#22 /var/www/yii/framework/web/filters/CFilterChain.php(131): CInlineFilter->filter(Object(CFilterChain))
#23 /var/www/yii/framework/web/CController.php(283): CFilterChain->run()
#24 /var/www/yii/framework/web/CController.php(257): CController->runActionWithFilters(Object(CInlineAction), Array)
#25 /var/www/yii/framework/web/CWebApplication.php(277): CController->run('')
#26 /var/www/yii/framework/web/CWebApplication.php(136): CWebApplication->runController('')
#27 /var/www/yii/framework/base/CApplication.php(158): CWebApplication->processRequest()
#28 /var/www/yiiblognew/index.php(11): CApplication->run()
#29 {main} REQUEST_URI=/yiiblognew/
2011/09/29 17:59:04 [error] [system.db.CDbCommand] CDbCommand::fetchAll() failed: SQLSTATE[42S22]: Column not found: 1054 Unknown column 'Comment.status' in 'where clause'. The SQL statement executed was: SELECT `t`.`id` AS `t0_c0`, `t`.`content` AS `t0_c1`, `t`.`contentDisplay` AS `t0_c2`, `t`.`status` AS `t0_c3`, `t`.`createTime` AS `t0_c4`, `t`.`authorName` AS `t0_c5`, `t`.`email` AS `t0_c6`, `t`.`postId` AS `t0_c7`, `t`.`authorId` AS `t0_c8`, `post`.`id` AS `t1_c0`, `post`.`title` AS `t1_c1`, `post`.`titleLink` AS `t1_c2`, `post`.`slug` AS `t1_c3`, `post`.`contentshort` AS `t1_c4`, `post`.`contentbig` AS `t1_c5`, `post`.`tags` AS `t1_c6`, `post`.`status` AS `t1_c7`, `post`.`createTime` AS `t1_c8`, `post`.`updateTime` AS `t1_c9`, `post`.`commentCount` AS `t1_c10`, `post`.`categoryId` AS `t1_c11`, `post`.`authorId` AS `t1_c12`, `post`.`authorName` AS `t1_c13`, `post`.`title2` AS `t1_c14`, `post`.`content2` AS `t1_c15` FROM `Comment` `t`  INNER JOIN `Post` `post` ON (`t`.`postId`=`post`.`id`)  WHERE (Comment.status=1) ORDER BY Comment.createTime DESC LIMIT 10.
2011/09/29 17:59:04 [error] [exception.CDbException] exception 'CDbException' with message 'CDbCommand 无法执行 SQL 语句: SQLSTATE[42S22]: Column not found: 1054 Unknown column 'Comment.status' in 'where clause'. The SQL statement executed was: SELECT `t`.`id` AS `t0_c0`, `t`.`content` AS `t0_c1`, `t`.`contentDisplay` AS `t0_c2`, `t`.`status` AS `t0_c3`, `t`.`createTime` AS `t0_c4`, `t`.`authorName` AS `t0_c5`, `t`.`email` AS `t0_c6`, `t`.`postId` AS `t0_c7`, `t`.`authorId` AS `t0_c8`, `post`.`id` AS `t1_c0`, `post`.`title` AS `t1_c1`, `post`.`titleLink` AS `t1_c2`, `post`.`slug` AS `t1_c3`, `post`.`contentshort` AS `t1_c4`, `post`.`contentbig` AS `t1_c5`, `post`.`tags` AS `t1_c6`, `post`.`status` AS `t1_c7`, `post`.`createTime` AS `t1_c8`, `post`.`updateTime` AS `t1_c9`, `post`.`commentCount` AS `t1_c10`, `post`.`categoryId` AS `t1_c11`, `post`.`authorId` AS `t1_c12`, `post`.`authorName` AS `t1_c13`, `post`.`title2` AS `t1_c14`, `post`.`content2` AS `t1_c15` FROM `Comment` `t`  INNER JOIN `Post` `post` ON (`t`.`postId`=`post`.`id`)  WHERE (Comment.status=1) ORDER BY Comment.createTime DESC LIMIT 10' in /var/www/yii/framework/db/CDbCommand.php:516
Stack trace:
#0 /var/www/yii/framework/db/CDbCommand.php(374): CDbCommand->queryInternal('fetchAll', Array, Array)
#1 /var/www/yii/framework/db/ar/CActiveFinder.php(815): CDbCommand->queryAll()
#2 /var/www/yii/framework/db/ar/CActiveFinder.php(447): CJoinElement->runQuery(Object(CJoinQuery))
#3 /var/www/yii/framework/db/ar/CActiveFinder.php(72): CJoinElement->find(Object(CDbCriteria))
#4 /var/www/yii/framework/db/ar/CActiveRecord.php(1295): CActiveFinder->query(Object(CDbCriteria), true)
#5 /var/www/yii/framework/db/ar/CActiveRecord.php(1410): CActiveRecord->query(Object(CDbCriteria), true)
#6 /var/www/yiiblognew/protected/models/Comment.php(133): CActiveRecord->findAll(Array)
#7 /var/www/yiiblognew/protected/components/RecentComments.php(9): Comment->findRecentComments()
#8 /var/www/yiiblognew/themes/classic/views/portlets/recentComments.php(2): RecentComments->getRecentComments()
#9 /var/www/yii/framework/web/CBaseController.php(123): require('/var/www/yiiblo...')
#10 /var/www/yii/framework/web/CBaseController.php(88): CBaseController->renderInternal('/var/www/yiiblo...', NULL, false)
#11 /var/www/yii/framework/web/widgets/CWidget.php(242): CBaseController->renderFile('/var/www/yiiblo...', NULL, false)
#12 /var/www/yiiblognew/protected/components/RecentComments.php(14): CWidget->render('recentComments')
#13 /var/www/yiiblognew/protected/components/Portlet.php(33): RecentComments->renderContent()
#14 /var/www/yii/framework/web/CBaseController.php(166): Portlet->run()
#15 /var/www/yiiblognew/themes/classic/views/layouts/main.php(34): CBaseController->widget('RecentComments')
#16 /var/www/yii/framework/web/CBaseController.php(119): require('/var/www/yiiblo...')
#17 /var/www/yii/framework/web/CBaseController.php(88): CBaseController->renderInternal('/var/www/yiiblo...', Array, true)
#18 /var/www/yii/framework/web/CController.php(781): CBaseController->renderFile('/var/www/yiiblo...', Array, true)
#19 /var/www/yiiblognew/protected/controllers/PostController.php(177): CController->render('list', Array)
#20 /var/www/yii/framework/web/actions/CInlineAction.php(50): PostController->actionList()
#21 /var/www/yii/framework/web/CController.php(300): CInlineAction->runWithParams(Array)
#22 /var/www/yii/framework/web/filters/CFilterChain.php(134): CController->runAction(Object(CInlineAction))
#23 /var/www/yii/framework/web/filters/CFilter.php(41): CFilterChain->run()
#24 /var/www/yii/framework/web/CController.php(1144): CFilter->filter(Object(CFilterChain))
#25 /var/www/yii/framework/web/filters/CInlineFilter.php(59): CController->filterAccessControl(Object(CFilterChain))
#26 /var/www/yii/framework/web/filters/CFilterChain.php(131): CInlineFilter->filter(Object(CFilterChain))
#27 /var/www/yii/framework/web/CController.php(283): CFilterChain->run()
#28 /var/www/yii/framework/web/CController.php(257): CController->runActionWithFilters(Object(CInlineAction), Array)
#29 /var/www/yii/framework/web/CWebApplication.php(277): CController->run('')
#30 /var/www/yii/framework/web/CWebApplication.php(136): CWebApplication->runController('')
#31 /var/www/yii/framework/base/CApplication.php(158): CWebApplication->processRequest()
#32 /var/www/yiiblognew/index.php(11): CApplication->run()
#33 {main} REQUEST_URI=/yiiblognew/
2011/09/29 18:00:00 [error] [system.db.CDbCommand] CDbCommand::fetchAll() failed: SQLSTATE[42S22]: Column not found: 1054 Unknown column 'Post.status' in 'where clause'. The SQL statement executed was: SELECT * FROM `Post` `t` WHERE Post.status=1 ORDER BY Post.createTime DESC LIMIT 2147483647.
2011/09/29 18:00:00 [error] [exception.CDbException] exception 'CDbException' with message 'CDbCommand 无法执行 SQL 语句: SQLSTATE[42S22]: Column not found: 1054 Unknown column 'Post.status' in 'where clause'. The SQL statement executed was: SELECT * FROM `Post` `t` WHERE Post.status=1 ORDER BY Post.createTime DESC LIMIT 2147483647' in /var/www/yii/framework/db/CDbCommand.php:516
Stack trace:
#0 /var/www/yii/framework/db/CDbCommand.php(374): CDbCommand->queryInternal('fetchAll', Array, Array)
#1 /var/www/yii/framework/db/ar/CActiveRecord.php(1290): CDbCommand->queryAll()
#2 /var/www/yii/framework/db/ar/CActiveRecord.php(1410): CActiveRecord->query(Object(CDbCriteria), true)
#3 /var/www/yiiblognew/protected/models/Post.php(207): CActiveRecord->findAll(Array)
#4 /var/www/yiiblognew/protected/components/MonthlyArchives.php(10): Post->findRecentPosts(2147483647)
#5 /var/www/yiiblognew/themes/classic/views/portlets/monthlyArchives.php(2): MonthlyArchives->findAllPostDate()
#6 /var/www/yii/framework/web/CBaseController.php(123): require('/var/www/yiiblo...')
#7 /var/www/yii/framework/web/CBaseController.php(88): CBaseController->renderInternal('/var/www/yiiblo...', NULL, false)
#8 /var/www/yii/framework/web/widgets/CWidget.php(242): CBaseController->renderFile('/var/www/yiiblo...', NULL, false)
#9 /var/www/yiiblognew/protected/components/MonthlyArchives.php(25): CWidget->render('monthlyArchives')
#10 /var/www/yiiblognew/protected/components/Portlet.php(33): MonthlyArchives->renderContent()
#11 /var/www/yii/framework/web/CBaseController.php(166): Portlet->run()
#12 /var/www/yiiblognew/themes/classic/views/layouts/main.php(35): CBaseController->widget('MonthlyArchives')
#13 /var/www/yii/framework/web/CBaseController.php(119): require('/var/www/yiiblo...')
#14 /var/www/yii/framework/web/CBaseController.php(88): CBaseController->renderInternal('/var/www/yiiblo...', Array, true)
#15 /var/www/yii/framework/web/CController.php(781): CBaseController->renderFile('/var/www/yiiblo...', Array, true)
#16 /var/www/yiiblognew/protected/controllers/PostController.php(177): CController->render('list', Array)
#17 /var/www/yii/framework/web/actions/CInlineAction.php(50): PostController->actionList()
#18 /var/www/yii/framework/web/CController.php(300): CInlineAction->runWithParams(Array)
#19 /var/www/yii/framework/web/filters/CFilterChain.php(134): CController->runAction(Object(CInlineAction))
#20 /var/www/yii/framework/web/filters/CFilter.php(41): CFilterChain->run()
#21 /var/www/yii/framework/web/CController.php(1144): CFilter->filter(Object(CFilterChain))
#22 /var/www/yii/framework/web/filters/CInlineFilter.php(59): CController->filterAccessControl(Object(CFilterChain))
#23 /var/www/yii/framework/web/filters/CFilterChain.php(131): CInlineFilter->filter(Object(CFilterChain))
#24 /var/www/yii/framework/web/CController.php(283): CFilterChain->run()
#25 /var/www/yii/framework/web/CController.php(257): CController->runActionWithFilters(Object(CInlineAction), Array)
#26 /var/www/yii/framework/web/CWebApplication.php(277): CController->run('')
#27 /var/www/yii/framework/web/CWebApplication.php(136): CWebApplication->runController('')
#28 /var/www/yii/framework/base/CApplication.php(158): CWebApplication->processRequest()
#29 /var/www/yiiblognew/index.php(11): CApplication->run()
#30 {main} REQUEST_URI=/yiiblognew/
2011/09/29 18:01:42 [warning] [application] Failed to set unsafe attribute "rememberMe" of "LoginForm".
2011/09/29 18:01:42 [error] [php] Use of undefined constant ERROR_NONE - assumed 'ERROR_NONE' (/var/www/yiiblognew/protected/components/BaseController.php:11)
Stack trace:
#0 /var/www/yii/framework/base/CApplication.php(158): CWebApplication->processRequest()
#1 /var/www/yiiblognew/index.php(11): CWebApplication->run()
REQUEST_URI=/yiiblognew/
2011/09/29 18:01:59 [error] [system.db.CDbCommand] CDbCommand::fetchColumn() failed: SQLSTATE[42S22]: Column not found: 1054 Unknown column 'Comment.status' in 'where clause'. The SQL statement executed was: SELECT COUNT(*) FROM `Comment` `t` WHERE Comment.status=0.
2011/09/29 18:01:59 [error] [exception.CDbException] exception 'CDbException' with message 'CDbCommand 无法执行 SQL 语句: SQLSTATE[42S22]: Column not found: 1054 Unknown column 'Comment.status' in 'where clause'. The SQL statement executed was: SELECT COUNT(*) FROM `Comment` `t` WHERE Comment.status=0' in /var/www/yii/framework/db/CDbCommand.php:516
Stack trace:
#0 /var/www/yii/framework/db/CDbCommand.php(411): CDbCommand->queryInternal('fetchColumn', 0, Array)
#1 /var/www/yii/framework/db/ar/CActiveRecord.php(1540): CDbCommand->queryScalar()
#2 /var/www/yiiblognew/protected/controllers/CommentController.php(93): CActiveRecord->count(Object(CDbCriteria))
#3 /var/www/yii/framework/web/actions/CInlineAction.php(50): CommentController->actionList()
#4 /var/www/yii/framework/web/CController.php(300): CInlineAction->runWithParams(Array)
#5 /var/www/yii/framework/web/filters/CFilterChain.php(134): CController->runAction(Object(CInlineAction))
#6 /var/www/yii/framework/web/filters/CFilter.php(41): CFilterChain->run()
#7 /var/www/yii/framework/web/CController.php(1144): CFilter->filter(Object(CFilterChain))
#8 /var/www/yii/framework/web/filters/CInlineFilter.php(59): CController->filterAccessControl(Object(CFilterChain))
#9 /var/www/yii/framework/web/filters/CFilterChain.php(131): CInlineFilter->filter(Object(CFilterChain))
#10 /var/www/yii/framework/web/CController.php(283): CFilterChain->run()
#11 /var/www/yii/framework/web/CController.php(257): CController->runActionWithFilters(Object(CInlineAction), Array)
#12 /var/www/yii/framework/web/CWebApplication.php(277): CController->run('list')
#13 /var/www/yii/framework/web/CWebApplication.php(136): CWebApplication->runController('comment/list')
#14 /var/www/yii/framework/base/CApplication.php(158): CWebApplication->processRequest()
#15 /var/www/yiiblognew/index.php(11): CApplication->run()
#16 {main} REQUEST_URI=/yiiblognew/comments
2011/09/29 18:02:53 [error] [php] Undefined index: id (/var/www/yiiblognew/protected/controllers/UserController.php:58)
Stack trace:
#0 /var/www/yii/framework/web/filters/CFilterChain.php(131): CInlineFilter->filter()
#1 /var/www/yii/framework/web/CController.php(283): CFilterChain->run()
#2 /var/www/yii/framework/web/CController.php(257): UserController->runActionWithFilters()
#3 /var/www/yii/framework/web/CWebApplication.php(277): UserController->run()
#4 /var/www/yii/framework/web/CWebApplication.php(136): CWebApplication->runController()
#5 /var/www/yii/framework/base/CApplication.php(158): CWebApplication->processRequest()
#6 /var/www/yiiblognew/index.php(11): CWebApplication->run()
REQUEST_URI=/yiiblognew/users
2011/09/29 18:04:02 [error] [php] require(/var/www/yiiblognew/themes/classic/views/post/_form.php) [<a href='function.require'>function.require</a>]: failed to open stream: Permission denied (/var/www/yii/framework/web/CBaseController.php:119)
Stack trace:
#0 /var/www/yii/framework/web/CController.php(866): PostController->renderFile()
#1 /var/www/yiiblognew/themes/classic/views/post/create.php(6): PostController->renderPartial()
#2 /var/www/yii/framework/web/CBaseController.php(119): require()
#3 /var/www/yii/framework/web/CBaseController.php(88): PostController->renderInternal()
#4 /var/www/yii/framework/web/CController.php(866): PostController->renderFile()
#5 /var/www/yii/framework/web/CController.php(779): PostController->renderPartial()
#6 /var/www/yiiblognew/protected/controllers/PostController.php(106): PostController->render()
#7 /var/www/yii/framework/web/actions/CInlineAction.php(50): PostController->actionCreate()
#8 /var/www/yii/framework/web/CController.php(300): CInlineAction->runWithParams()
#9 /var/www/yii/framework/web/filters/CFilterChain.php(134): PostController->runAction()
#10 /var/www/yii/framework/web/filters/CFilter.php(41): CFilterChain->run()
#11 /var/www/yii/framework/web/CController.php(1144): CAccessControlFilter->filter()
#12 /var/www/yii/framework/web/filters/CInlineFilter.php(59): PostController->filterAccessControl()
#13 /var/www/yii/framework/web/filters/CFilterChain.php(131): CInlineFilter->filter()
#14 /var/www/yii/framework/web/CController.php(283): CFilterChain->run()
#15 /var/www/yii/framework/web/CController.php(257): PostController->runActionWithFilters()
#16 /var/www/yii/framework/web/CWebApplication.php(277): PostController->run()
#17 /var/www/yii/framework/web/CWebApplication.php(136): CWebApplication->runController()
#18 /var/www/yii/framework/base/CApplication.php(158): CWebApplication->processRequest()
#19 /var/www/yiiblognew/index.php(11): CWebApplication->run()
REQUEST_URI=/yiiblognew/posts/create
2011/09/29 18:05:11 [warning] [application] Failed to set unsafe attribute "about" of "User".
2011/09/29 18:05:11 [error] [php] Undefined variable: rand (/var/www/yiiblognew/protected/models/User.php:216)
Stack trace:
#0 /var/www/yii/framework/web/CController.php(300): CInlineAction->runWithParams()
#1 /var/www/yii/framework/web/filters/CFilterChain.php(134): UserController->runAction()
#2 /var/www/yii/framework/web/filters/CFilter.php(41): CFilterChain->run()
#3 /var/www/yii/framework/web/CController.php(1144): CAccessControlFilter->filter()
#4 /var/www/yii/framework/web/filters/CInlineFilter.php(59): UserController->filterAccessControl()
#5 /var/www/yii/framework/web/filters/CFilterChain.php(131): CInlineFilter->filter()
#6 /var/www/yii/framework/web/CController.php(283): CFilterChain->run()
#7 /var/www/yii/framework/web/CController.php(257): UserController->runActionWithFilters()
#8 /var/www/yii/framework/web/CWebApplication.php(277): UserController->run()
#9 /var/www/yii/framework/web/CWebApplication.php(136): CWebApplication->runController()
#10 /var/www/yii/framework/base/CApplication.php(158): CWebApplication->processRequest()
#11 /var/www/yiiblognew/index.php(11): CWebApplication->run()
REQUEST_URI=/yiiblognew/user/update/1
2011/09/29 18:05:33 [warning] [application] Failed to set unsafe attribute "about" of "User".
2011/09/29 18:05:34 [error] [system.db.CDbCommand] CDbCommand::fetchAll() failed: SQLSTATE[42000]: Syntax error or access violation: 1064 You have an error in your SQL syntax; check the manual that corresponds to your MySQL server version for the right syntax to use near '??.createTime' at line 1. The SQL statement executed was: SELECT `posts`.`id` AS `t1_c0`, `posts`.`title` AS `t1_c1`, `posts`.`titleLink` AS `t1_c2`, `posts`.`slug` AS `t1_c3`, `posts`.`contentshort` AS `t1_c4`, `posts`.`contentbig` AS `t1_c5`, `posts`.`tags` AS `t1_c6`, `posts`.`status` AS `t1_c7`, `posts`.`createTime` AS `t1_c8`, `posts`.`updateTime` AS `t1_c9`, `posts`.`commentCount` AS `t1_c10`, `posts`.`categoryId` AS `t1_c11`, `posts`.`authorId` AS `t1_c12`, `posts`.`authorName` AS `t1_c13`, `posts`.`title2` AS `t1_c14`, `posts`.`content2` AS `t1_c15` FROM `Post` `posts`  WHERE (`posts`.`authorId`=:ypl0) ORDER BY ??.createTime.
2011/09/29 18:05:34 [error] [exception.CDbException] exception 'CDbException' with message 'CDbCommand 无法执行 SQL 语句: SQLSTATE[42000]: Syntax error or access violation: 1064 You have an error in your SQL syntax; check the manual that corresponds to your MySQL server version for the right syntax to use near '??.createTime' at line 1. The SQL statement executed was: SELECT `posts`.`id` AS `t1_c0`, `posts`.`title` AS `t1_c1`, `posts`.`titleLink` AS `t1_c2`, `posts`.`slug` AS `t1_c3`, `posts`.`contentshort` AS `t1_c4`, `posts`.`contentbig` AS `t1_c5`, `posts`.`tags` AS `t1_c6`, `posts`.`status` AS `t1_c7`, `posts`.`createTime` AS `t1_c8`, `posts`.`updateTime` AS `t1_c9`, `posts`.`commentCount` AS `t1_c10`, `posts`.`categoryId` AS `t1_c11`, `posts`.`authorId` AS `t1_c12`, `posts`.`authorName` AS `t1_c13`, `posts`.`title2` AS `t1_c14`, `posts`.`content2` AS `t1_c15` FROM `Post` `posts`  WHERE (`posts`.`authorId`=:ypl0) ORDER BY ??.createTime' in /var/www/yii/framework/db/CDbCommand.php:516
Stack trace:
#0 /var/www/yii/framework/db/CDbCommand.php(374): CDbCommand->queryInternal('fetchAll', Array, Array)
#1 /var/www/yii/framework/db/ar/CActiveFinder.php(815): CDbCommand->queryAll()
#2 /var/www/yii/framework/db/ar/CActiveFinder.php(524): CJoinElement->runQuery(Object(CJoinQuery))
#3 /var/www/yii/framework/db/ar/CActiveFinder.php(169): CJoinElement->lazyFind(Object(User))
#4 /var/www/yii/framework/db/ar/CActiveRecord.php(259): CActiveFinder->lazyFind(Object(User))
#5 /var/www/yii/framework/db/ar/CActiveRecord.php(127): CActiveRecord->getRelated('posts')
#6 /var/www/yiiblognew/themes/classic/views/user/show.php(27): CActiveRecord->__get('posts')
#7 /var/www/yii/framework/web/CBaseController.php(119): require('/var/www/yiiblo...')
#8 /var/www/yii/framework/web/CBaseController.php(88): CBaseController->renderInternal('/var/www/yiiblo...', Array, true)
#9 /var/www/yii/framework/web/CController.php(866): CBaseController->renderFile('/var/www/yiiblo...', Array, true)
#10 /var/www/yii/framework/web/CController.php(779): CController->renderPartial('show', Array, true)
#11 /var/www/yiiblognew/protected/controllers/UserController.php(83): CController->render('show', Array)
#12 /var/www/yii/framework/web/actions/CInlineAction.php(50): UserController->actionShow()
#13 /var/www/yii/framework/web/CController.php(300): CInlineAction->runWithParams(Array)
#14 /var/www/yii/framework/web/filters/CFilterChain.php(134): CController->runAction(Object(CInlineAction))
#15 /var/www/yii/framework/web/filters/CFilter.php(41): CFilterChain->run()
#16 /var/www/yii/framework/web/CController.php(1144): CFilter->filter(Object(CFilterChain))
#17 /var/www/yii/framework/web/filters/CInlineFilter.php(59): CController->filterAccessControl(Object(CFilterChain))
#18 /var/www/yii/framework/web/filters/CFilterChain.php(131): CInlineFilter->filter(Object(CFilterChain))
#19 /var/www/yii/framework/web/CController.php(283): CFilterChain->run()
#20 /var/www/yii/framework/web/CController.php(257): CController->runActionWithFilters(Object(CInlineAction), Array)
#21 /var/www/yii/framework/web/CWebApplication.php(277): CController->run('show')
#22 /var/www/yii/framework/web/CWebApplication.php(136): CWebApplication->runController('user/show')
#23 /var/www/yii/framework/base/CApplication.php(158): CWebApplication->processRequest()
#24 /var/www/yiiblognew/index.php(11): CApplication->run()
#25 {main} REQUEST_URI=/yiiblognew/user/1
2011/09/29 18:06:05 [error] [php] Undefined variable: posts (/var/www/yiiblognew/themes/classic/views/user/show.php:32)
Stack trace:
#0 /var/www/yii/framework/web/CController.php(866): UserController->renderFile()
#1 /var/www/yii/framework/web/CController.php(779): UserController->renderPartial()
#2 /var/www/yiiblognew/protected/controllers/UserController.php(83): UserController->render()
#3 /var/www/yii/framework/web/actions/CInlineAction.php(50): UserController->actionShow()
#4 /var/www/yii/framework/web/CController.php(300): CInlineAction->runWithParams()
#5 /var/www/yii/framework/web/filters/CFilterChain.php(134): UserController->runAction()
#6 /var/www/yii/framework/web/filters/CFilter.php(41): CFilterChain->run()
#7 /var/www/yii/framework/web/CController.php(1144): CAccessControlFilter->filter()
#8 /var/www/yii/framework/web/filters/CInlineFilter.php(59): UserController->filterAccessControl()
#9 /var/www/yii/framework/web/filters/CFilterChain.php(131): CInlineFilter->filter()
#10 /var/www/yii/framework/web/CController.php(283): CFilterChain->run()
#11 /var/www/yii/framework/web/CController.php(257): UserController->runActionWithFilters()
#12 /var/www/yii/framework/web/CWebApplication.php(277): UserController->run()
#13 /var/www/yii/framework/web/CWebApplication.php(136): CWebApplication->runController()
#14 /var/www/yii/framework/base/CApplication.php(158): CWebApplication->processRequest()
#15 /var/www/yiiblognew/index.php(11): CWebApplication->run()
REQUEST_URI=/yiiblognew/user/1
2011/09/29 18:06:43 [error] [php] Undefined variable: bookmarks (/var/www/yiiblognew/themes/classic/views/user/show.php:37)
Stack trace:
#0 /var/www/yii/framework/web/CController.php(866): UserController->renderFile()
#1 /var/www/yii/framework/web/CController.php(779): UserController->renderPartial()
#2 /var/www/yiiblognew/protected/controllers/UserController.php(83): UserController->render()
#3 /var/www/yii/framework/web/actions/CInlineAction.php(50): UserController->actionShow()
#4 /var/www/yii/framework/web/CController.php(300): CInlineAction->runWithParams()
#5 /var/www/yii/framework/web/filters/CFilterChain.php(134): UserController->runAction()
#6 /var/www/yii/framework/web/filters/CFilter.php(41): CFilterChain->run()
#7 /var/www/yii/framework/web/CController.php(1144): CAccessControlFilter->filter()
#8 /var/www/yii/framework/web/filters/CInlineFilter.php(59): UserController->filterAccessControl()
#9 /var/www/yii/framework/web/filters/CFilterChain.php(131): CInlineFilter->filter()
#10 /var/www/yii/framework/web/CController.php(283): CFilterChain->run()
#11 /var/www/yii/framework/web/CController.php(257): UserController->runActionWithFilters()
#12 /var/www/yii/framework/web/CWebApplication.php(277): UserController->run()
#13 /var/www/yii/framework/web/CWebApplication.php(136): CWebApplication->runController()
#14 /var/www/yii/framework/base/CApplication.php(158): CWebApplication->processRequest()
#15 /var/www/yiiblognew/index.php(11): CWebApplication->run()
REQUEST_URI=/yiiblognew/user/1
2011/09/29 18:07:10 [warning] [application] Failed to set unsafe attribute "about" of "User".
2011/09/29 18:07:40 [error] [php] Missing argument 1 for Category::beforeValidate(), called in /var/www/yii/framework/base/CModel.php on line 149 and defined (/var/www/yiiblognew/protected/models/Category.php:74)
Stack trace:
#0 /var/www/yiiblognew/protected/controllers/CategoryController.php(82): Category->save()
#1 /var/www/yii/framework/web/actions/CInlineAction.php(50): CategoryController->actionCreate()
#2 /var/www/yii/framework/web/CController.php(300): CInlineAction->runWithParams()
#3 /var/www/yii/framework/web/filters/CFilterChain.php(134): CategoryController->runAction()
#4 /var/www/yii/framework/web/filters/CFilter.php(41): CFilterChain->run()
#5 /var/www/yii/framework/web/CController.php(1144): CAccessControlFilter->filter()
#6 /var/www/yii/framework/web/filters/CInlineFilter.php(59): CategoryController->filterAccessControl()
#7 /var/www/yii/framework/web/filters/CFilterChain.php(131): CInlineFilter->filter()
#8 /var/www/yii/framework/web/CController.php(283): CFilterChain->run()
#9 /var/www/yii/framework/web/CController.php(257): CategoryController->runActionWithFilters()
#10 /var/www/yii/framework/web/CWebApplication.php(277): CategoryController->run()
#11 /var/www/yii/framework/web/CWebApplication.php(136): CWebApplication->runController()
#12 /var/www/yii/framework/base/CApplication.php(158): CWebApplication->processRequest()
#13 /var/www/yiiblognew/index.php(11): CWebApplication->run()
REQUEST_URI=/yiiblognew/cats/create
2011/09/29 18:07:59 [error] [system.db.CDbCommand] CDbCommand::fetchAll() failed: SQLSTATE[42000]: Syntax error or access violation: 1064 You have an error in your SQL syntax; check the manual that corresponds to your MySQL server version for the right syntax to use near '??.createTime DESC' at line 1. The SQL statement executed was: SELECT `posts`.`id` AS `t1_c0`, `posts`.`title` AS `t1_c1`, `posts`.`titleLink` AS `t1_c2`, `posts`.`slug` AS `t1_c3`, `posts`.`contentshort` AS `t1_c4`, `posts`.`contentbig` AS `t1_c5`, `posts`.`tags` AS `t1_c6`, `posts`.`status` AS `t1_c7`, `posts`.`createTime` AS `t1_c8`, `posts`.`updateTime` AS `t1_c9`, `posts`.`commentCount` AS `t1_c10`, `posts`.`categoryId` AS `t1_c11`, `posts`.`authorId` AS `t1_c12`, `posts`.`authorName` AS `t1_c13`, `posts`.`title2` AS `t1_c14`, `posts`.`content2` AS `t1_c15` FROM `Post` `posts`  WHERE (status=1) AND (`posts`.`categoryId`=:ypl0) ORDER BY ??.createTime DESC.
2011/09/29 18:07:59 [error] [exception.CDbException] exception 'CDbException' with message 'CDbCommand 无法执行 SQL 语句: SQLSTATE[42000]: Syntax error or access violation: 1064 You have an error in your SQL syntax; check the manual that corresponds to your MySQL server version for the right syntax to use near '??.createTime DESC' at line 1. The SQL statement executed was: SELECT `posts`.`id` AS `t1_c0`, `posts`.`title` AS `t1_c1`, `posts`.`titleLink` AS `t1_c2`, `posts`.`slug` AS `t1_c3`, `posts`.`contentshort` AS `t1_c4`, `posts`.`contentbig` AS `t1_c5`, `posts`.`tags` AS `t1_c6`, `posts`.`status` AS `t1_c7`, `posts`.`createTime` AS `t1_c8`, `posts`.`updateTime` AS `t1_c9`, `posts`.`commentCount` AS `t1_c10`, `posts`.`categoryId` AS `t1_c11`, `posts`.`authorId` AS `t1_c12`, `posts`.`authorName` AS `t1_c13`, `posts`.`title2` AS `t1_c14`, `posts`.`content2` AS `t1_c15` FROM `Post` `posts`  WHERE (status=1) AND (`posts`.`categoryId`=:ypl0) ORDER BY ??.createTime DESC' in /var/www/yii/framework/db/CDbCommand.php:516
Stack trace:
#0 /var/www/yii/framework/db/CDbCommand.php(374): CDbCommand->queryInternal('fetchAll', Array, Array)
#1 /var/www/yii/framework/db/ar/CActiveFinder.php(815): CDbCommand->queryAll()
#2 /var/www/yii/framework/db/ar/CActiveFinder.php(524): CJoinElement->runQuery(Object(CJoinQuery))
#3 /var/www/yii/framework/db/ar/CActiveFinder.php(169): CJoinElement->lazyFind(Object(Category))
#4 /var/www/yii/framework/db/ar/CActiveRecord.php(259): CActiveFinder->lazyFind(Object(Category))
#5 /var/www/yii/framework/db/ar/CActiveRecord.php(127): CActiveRecord->getRelated('posts')
#6 /var/www/yiiblognew/themes/classic/views/portlets/categories.php(3): CActiveRecord->__get('posts')
#7 /var/www/yii/framework/web/CBaseController.php(123): require('/var/www/yiiblo...')
#8 /var/www/yii/framework/web/CBaseController.php(88): CBaseController->renderInternal('/var/www/yiiblo...', NULL, false)
#9 /var/www/yii/framework/web/widgets/CWidget.php(242): CBaseController->renderFile('/var/www/yiiblo...', NULL, false)
#10 /var/www/yiiblognew/protected/components/Categories.php(15): CWidget->render('categories')
#11 /var/www/yiiblognew/protected/components/Portlet.php(33): Categories->renderContent()
#12 /var/www/yii/framework/web/CBaseController.php(166): Portlet->run()
#13 /var/www/yiiblognew/themes/classic/views/layouts/main.php(38): CBaseController->widget('Categories')
#14 /var/www/yii/framework/web/CBaseController.php(119): require('/var/www/yiiblo...')
#15 /var/www/yii/framework/web/CBaseController.php(88): CBaseController->renderInternal('/var/www/yiiblo...', Array, true)
#16 /var/www/yii/framework/web/CController.php(781): CBaseController->renderFile('/var/www/yiiblo...', Array, true)
#17 /var/www/yiiblognew/protected/controllers/CategoryController.php(161): CController->render('admin', Array)
#18 /var/www/yii/framework/web/actions/CInlineAction.php(50): CategoryController->actionAdmin()
#19 /var/www/yii/framework/web/CController.php(300): CInlineAction->runWithParams(Array)
#20 /var/www/yii/framework/web/filters/CFilterChain.php(134): CController->runAction(Object(CInlineAction))
#21 /var/www/yii/framework/web/filters/CFilter.php(41): CFilterChain->run()
#22 /var/www/yii/framework/web/CController.php(1144): CFilter->filter(Object(CFilterChain))
#23 /var/www/yii/framework/web/filters/CInlineFilter.php(59): CController->filterAccessControl(Object(CFilterChain))
#24 /var/www/yii/framework/web/filters/CFilterChain.php(131): CInlineFilter->filter(Object(CFilterChain))
#25 /var/www/yii/framework/web/CController.php(283): CFilterChain->run()
#26 /var/www/yii/framework/web/CController.php(257): CController->runActionWithFilters(Object(CInlineAction), Array)
#27 /var/www/yii/framework/web/CWebApplication.php(277): CController->run('admin')
#28 /var/www/yii/framework/web/CWebApplication.php(136): CWebApplication->runController('category/admin')
#29 /var/www/yii/framework/base/CApplication.php(158): CWebApplication->processRequest()
#30 /var/www/yiiblognew/index.php(11): CApplication->run()
#31 {main} REQUEST_URI=/yiiblognew/cats/admin
2011/09/29 18:08:47 [warning] [application] Failed to set unsafe attribute "categoryId" of "Post".
2011/09/29 18:08:47 [error] [php] Missing argument 1 for Post::beforeValidate(), called in /var/www/yii/framework/base/CModel.php on line 149 and defined (/var/www/yiiblognew/protected/models/Post.php:136)
Stack trace:
#0 /var/www/yii/framework/web/actions/CInlineAction.php(50): PostController->actionCreate()
#1 /var/www/yii/framework/web/CController.php(300): CInlineAction->runWithParams()
#2 /var/www/yii/framework/web/filters/CFilterChain.php(134): PostController->runAction()
#3 /var/www/yii/framework/web/filters/CFilter.php(41): CFilterChain->run()
#4 /var/www/yii/framework/web/CController.php(1144): CAccessControlFilter->filter()
#5 /var/www/yii/framework/web/filters/CInlineFilter.php(59): PostController->filterAccessControl()
#6 /var/www/yii/framework/web/filters/CFilterChain.php(131): CInlineFilter->filter()
#7 /var/www/yii/framework/web/CController.php(283): CFilterChain->run()
#8 /var/www/yii/framework/web/CController.php(257): PostController->runActionWithFilters()
#9 /var/www/yii/framework/web/CWebApplication.php(277): PostController->run()
#10 /var/www/yii/framework/web/CWebApplication.php(136): CWebApplication->runController()
#11 /var/www/yii/framework/base/CApplication.php(158): CWebApplication->processRequest()
#12 /var/www/yiiblognew/index.php(11): CWebApplication->run()
REQUEST_URI=/yiiblognew/posts/create
2011/09/29 18:09:08 [warning] [application] Failed to set unsafe attribute "categoryId" of "Post".
2011/09/29 18:09:08 [error] [php] Undefined offset: 1 (/var/www/yiiblognew/protected/models/Post.php:282)
Stack trace:
#0 /var/www/yiiblognew/protected/controllers/PostController.php(94): Post->validate()
#1 /var/www/yii/framework/web/actions/CInlineAction.php(50): PostController->actionCreate()
#2 /var/www/yii/framework/web/CController.php(300): CInlineAction->runWithParams()
#3 /var/www/yii/framework/web/filters/CFilterChain.php(134): PostController->runAction()
#4 /var/www/yii/framework/web/filters/CFilter.php(41): CFilterChain->run()
#5 /var/www/yii/framework/web/CController.php(1144): CAccessControlFilter->filter()
#6 /var/www/yii/framework/web/filters/CInlineFilter.php(59): PostController->filterAccessControl()
#7 /var/www/yii/framework/web/filters/CFilterChain.php(131): CInlineFilter->filter()
#8 /var/www/yii/framework/web/CController.php(283): CFilterChain->run()
#9 /var/www/yii/framework/web/CController.php(257): PostController->runActionWithFilters()
#10 /var/www/yii/framework/web/CWebApplication.php(277): PostController->run()
#11 /var/www/yii/framework/web/CWebApplication.php(136): CWebApplication->runController()
#12 /var/www/yii/framework/base/CApplication.php(158): CWebApplication->processRequest()
#13 /var/www/yiiblognew/index.php(11): CWebApplication->run()
REQUEST_URI=/yiiblognew/posts/create
2011/09/29 18:09:51 [warning] [application] Failed to set unsafe attribute "categoryId" of "Post".
2011/09/29 18:09:51 [error] [php] Undefined offset: 1 (/var/www/yiiblognew/protected/models/Post.php:141)
Stack trace:
#0 /var/www/yii/framework/web/actions/CInlineAction.php(50): PostController->actionCreate()
#1 /var/www/yii/framework/web/CController.php(300): CInlineAction->runWithParams()
#2 /var/www/yii/framework/web/filters/CFilterChain.php(134): PostController->runAction()
#3 /var/www/yii/framework/web/filters/CFilter.php(41): CFilterChain->run()
#4 /var/www/yii/framework/web/CController.php(1144): CAccessControlFilter->filter()
#5 /var/www/yii/framework/web/filters/CInlineFilter.php(59): PostController->filterAccessControl()
#6 /var/www/yii/framework/web/filters/CFilterChain.php(131): CInlineFilter->filter()
#7 /var/www/yii/framework/web/CController.php(283): CFilterChain->run()
#8 /var/www/yii/framework/web/CController.php(257): PostController->runActionWithFilters()
#9 /var/www/yii/framework/web/CWebApplication.php(277): PostController->run()
#10 /var/www/yii/framework/web/CWebApplication.php(136): CWebApplication->runController()
#11 /var/www/yii/framework/base/CApplication.php(158): CWebApplication->processRequest()
#12 /var/www/yiiblognew/index.php(11): CWebApplication->run()
REQUEST_URI=/yiiblognew/posts/create
2011/09/29 18:10:24 [warning] [application] Failed to set unsafe attribute "categoryId" of "Post".
2011/09/29 18:10:33 [warning] [application] Failed to set unsafe attribute "categoryId" of "Post".
2011/09/29 18:10:33 [error] [php] Undefined variable: id (/var/www/yiiblognew/protected/controllers/PostController.php:232)
Stack trace:
#0 /var/www/yii/framework/web/CController.php(300): CInlineAction->runWithParams()
#1 /var/www/yii/framework/web/filters/CFilterChain.php(134): PostController->runAction()
#2 /var/www/yii/framework/web/filters/CFilter.php(41): CFilterChain->run()
#3 /var/www/yii/framework/web/CController.php(1144): CAccessControlFilter->filter()
#4 /var/www/yii/framework/web/filters/CInlineFilter.php(59): PostController->filterAccessControl()
#5 /var/www/yii/framework/web/filters/CFilterChain.php(131): CInlineFilter->filter()
#6 /var/www/yii/framework/web/CController.php(283): CFilterChain->run()
#7 /var/www/yii/framework/web/CController.php(257): PostController->runActionWithFilters()
#8 /var/www/yii/framework/web/CWebApplication.php(277): PostController->run()
#9 /var/www/yii/framework/web/CWebApplication.php(136): CWebApplication->runController()
#10 /var/www/yii/framework/base/CApplication.php(158): CWebApplication->processRequest()
#11 /var/www/yiiblognew/index.php(11): CWebApplication->run()
REQUEST_URI=/yiiblognew/post/test
2011/09/29 18:12:37 [error] [php] Missing argument 1 for Comment::beforeValidate(), called in /var/www/yii/framework/base/CModel.php on line 149 and defined (/var/www/yiiblognew/protected/models/Comment.php:152)
Stack trace:
#0 /var/www/yiiblognew/protected/controllers/PostController.php(271): Comment->save()
#1 /var/www/yiiblognew/protected/controllers/PostController.php(73): PostController->newComment()
#2 /var/www/yii/framework/web/actions/CInlineAction.php(50): PostController->actionShow()
#3 /var/www/yii/framework/web/CController.php(300): CInlineAction->runWithParams()
#4 /var/www/yii/framework/web/filters/CFilterChain.php(134): PostController->runAction()
#5 /var/www/yii/framework/web/filters/CFilter.php(41): CFilterChain->run()
#6 /var/www/yii/framework/web/CController.php(1144): CAccessControlFilter->filter()
#7 /var/www/yii/framework/web/filters/CInlineFilter.php(59): PostController->filterAccessControl()
#8 /var/www/yii/framework/web/filters/CFilterChain.php(131): CInlineFilter->filter()
#9 /var/www/yii/framework/web/CController.php(283): CFilterChain->run()
#10 /var/www/yii/framework/web/CController.php(257): PostController->runActionWithFilters()
#11 /var/www/yii/framework/web/CWebApplication.php(277): PostController->run()
#12 /var/www/yii/framework/web/CWebApplication.php(136): CWebApplication->runController()
#13 /var/www/yii/framework/base/CApplication.php(158): CWebApplication->processRequest()
#14 /var/www/yiiblognew/index.php(11): CWebApplication->run()
REQUEST_URI=/yiiblognew/post/test
2011/09/29 18:12:59 [error] [php] Trying to get property of non-object (/var/www/yiiblognew/themes/classic/views/post/admin.php:22)
Stack trace:
#0 /var/www/yii/framework/web/CController.php(866): PostController->renderFile()
#1 /var/www/yii/framework/web/CController.php(779): PostController->renderPartial()
#2 /var/www/yiiblognew/protected/controllers/PostController.php(203): PostController->render()
#3 /var/www/yii/framework/web/actions/CInlineAction.php(50): PostController->actionAdmin()
#4 /var/www/yii/framework/web/CController.php(300): CInlineAction->runWithParams()
#5 /var/www/yii/framework/web/filters/CFilterChain.php(134): PostController->runAction()
#6 /var/www/yii/framework/web/filters/CFilter.php(41): CFilterChain->run()
#7 /var/www/yii/framework/web/CController.php(1144): CAccessControlFilter->filter()
#8 /var/www/yii/framework/web/filters/CInlineFilter.php(59): PostController->filterAccessControl()
#9 /var/www/yii/framework/web/filters/CFilterChain.php(131): CInlineFilter->filter()
#10 /var/www/yii/framework/web/CController.php(283): CFilterChain->run()
#11 /var/www/yii/framework/web/CController.php(257): PostController->runActionWithFilters()
#12 /var/www/yii/framework/web/CWebApplication.php(277): PostController->run()
#13 /var/www/yii/framework/web/CWebApplication.php(136): CWebApplication->runController()
#14 /var/www/yii/framework/base/CApplication.php(158): CWebApplication->processRequest()
#15 /var/www/yiiblognew/index.php(11): CWebApplication->run()
REQUEST_URI=/yiiblognew/posts/admin
2011/09/29 18:13:11 [error] [php] Trying to get property of non-object (/var/www/yiiblognew/themes/classic/views/post/admin.php:22)
Stack trace:
#0 /var/www/yii/framework/web/CController.php(866): PostController->renderFile()
#1 /var/www/yii/framework/web/CController.php(779): PostController->renderPartial()
#2 /var/www/yiiblognew/protected/controllers/PostController.php(203): PostController->render()
#3 /var/www/yii/framework/web/actions/CInlineAction.php(50): PostController->actionAdmin()
#4 /var/www/yii/framework/web/CController.php(300): CInlineAction->runWithParams()
#5 /var/www/yii/framework/web/filters/CFilterChain.php(134): PostController->runAction()
#6 /var/www/yii/framework/web/filters/CFilter.php(41): CFilterChain->run()
#7 /var/www/yii/framework/web/CController.php(1144): CAccessControlFilter->filter()
#8 /var/www/yii/framework/web/filters/CInlineFilter.php(59): PostController->filterAccessControl()
#9 /var/www/yii/framework/web/filters/CFilterChain.php(131): CInlineFilter->filter()
#10 /var/www/yii/framework/web/CController.php(283): CFilterChain->run()
#11 /var/www/yii/framework/web/CController.php(257): PostController->runActionWithFilters()
#12 /var/www/yii/framework/web/CWebApplication.php(277): PostController->run()
#13 /var/www/yii/framework/web/CWebApplication.php(136): CWebApplication->runController()
#14 /var/www/yii/framework/base/CApplication.php(158): CWebApplication->processRequest()
#15 /var/www/yiiblognew/index.php(11): CWebApplication->run()
REQUEST_URI=/yiiblognew/posts/admin
2011/09/29 18:13:52 [error] [php] Trying to get property of non-object (/var/www/yiiblognew/themes/classic/views/post/admin.php:22)
Stack trace:
#0 /var/www/yii/framework/web/CController.php(866): PostController->renderFile()
#1 /var/www/yii/framework/web/CController.php(779): PostController->renderPartial()
#2 /var/www/yiiblognew/protected/controllers/PostController.php(203): PostController->render()
#3 /var/www/yii/framework/web/actions/CInlineAction.php(50): PostController->actionAdmin()
#4 /var/www/yii/framework/web/CController.php(300): CInlineAction->runWithParams()
#5 /var/www/yii/framework/web/filters/CFilterChain.php(134): PostController->runAction()
#6 /var/www/yii/framework/web/filters/CFilter.php(41): CFilterChain->run()
#7 /var/www/yii/framework/web/CController.php(1144): CAccessControlFilter->filter()
#8 /var/www/yii/framework/web/filters/CInlineFilter.php(59): PostController->filterAccessControl()
#9 /var/www/yii/framework/web/filters/CFilterChain.php(131): CInlineFilter->filter()
#10 /var/www/yii/framework/web/CController.php(283): CFilterChain->run()
#11 /var/www/yii/framework/web/CController.php(257): PostController->runActionWithFilters()
#12 /var/www/yii/framework/web/CWebApplication.php(277): PostController->run()
#13 /var/www/yii/framework/web/CWebApplication.php(136): CWebApplication->runController()
#14 /var/www/yii/framework/base/CApplication.php(158): CWebApplication->processRequest()
#15 /var/www/yiiblognew/index.php(11): CWebApplication->run()
REQUEST_URI=/yiiblognew/posts/admin
2011/09/29 18:14:49 [error] [php] Trying to get property of non-object (/var/www/yiiblognew/themes/classic/views/comment/_form.php:11)
Stack trace:
#0 /var/www/yii/framework/web/CController.php(866): PostController->renderFile()
#1 /var/www/yiiblognew/themes/classic/views/post/show.php(23): PostController->renderPartial()
#2 /var/www/yii/framework/web/CBaseController.php(119): require()
#3 /var/www/yii/framework/web/CBaseController.php(88): PostController->renderInternal()
#4 /var/www/yii/framework/web/CController.php(866): PostController->renderFile()
#5 /var/www/yii/framework/web/CController.php(779): PostController->renderPartial()
#6 /var/www/yiiblognew/protected/controllers/PostController.php(80): PostController->render()
#7 /var/www/yii/framework/web/actions/CInlineAction.php(50): PostController->actionShow()
#8 /var/www/yii/framework/web/CController.php(300): CInlineAction->runWithParams()
#9 /var/www/yii/framework/web/filters/CFilterChain.php(134): PostController->runAction()
#10 /var/www/yii/framework/web/filters/CFilter.php(41): CFilterChain->run()
#11 /var/www/yii/framework/web/CController.php(1144): CAccessControlFilter->filter()
#12 /var/www/yii/framework/web/filters/CInlineFilter.php(59): PostController->filterAccessControl()
#13 /var/www/yii/framework/web/filters/CFilterChain.php(131): CInlineFilter->filter()
#14 /var/www/yii/framework/web/CController.php(283): CFilterChain->run()
#15 /var/www/yii/framework/web/CController.php(257): PostController->runActionWithFilters()
#16 /var/www/yii/framework/web/CWebApplication.php(277): PostController->run()
#17 /var/www/yii/framework/web/CWebApplication.php(136): CWebApplication->runController()
#18 /var/www/yii/framework/base/CApplication.php(158): CWebApplication->processRequest()
#19 /var/www/yiiblognew/index.php(11): CWebApplication->run()
REQUEST_URI=/yiiblognew/post/test
2011/09/29 18:15:35 [error] [php] Trying to get property of non-object (/var/www/yiiblognew/themes/classic/views/comment/_form.php:14)
Stack trace:
#0 /var/www/yii/framework/web/CController.php(866): PostController->renderFile()
#1 /var/www/yiiblognew/themes/classic/views/post/show.php(23): PostController->renderPartial()
#2 /var/www/yii/framework/web/CBaseController.php(119): require()
#3 /var/www/yii/framework/web/CBaseController.php(88): PostController->renderInternal()
#4 /var/www/yii/framework/web/CController.php(866): PostController->renderFile()
#5 /var/www/yii/framework/web/CController.php(779): PostController->renderPartial()
#6 /var/www/yiiblognew/protected/controllers/PostController.php(80): PostController->render()
#7 /var/www/yii/framework/web/actions/CInlineAction.php(50): PostController->actionShow()
#8 /var/www/yii/framework/web/CController.php(300): CInlineAction->runWithParams()
#9 /var/www/yii/framework/web/filters/CFilterChain.php(134): PostController->runAction()
#10 /var/www/yii/framework/web/filters/CFilter.php(41): CFilterChain->run()
#11 /var/www/yii/framework/web/CController.php(1144): CAccessControlFilter->filter()
#12 /var/www/yii/framework/web/filters/CInlineFilter.php(59): PostController->filterAccessControl()
#13 /var/www/yii/framework/web/filters/CFilterChain.php(131): CInlineFilter->filter()
#14 /var/www/yii/framework/web/CController.php(283): CFilterChain->run()
#15 /var/www/yii/framework/web/CController.php(257): PostController->runActionWithFilters()
#16 /var/www/yii/framework/web/CWebApplication.php(277): PostController->run()
#17 /var/www/yii/framework/web/CWebApplication.php(136): CWebApplication->runController()
#18 /var/www/yii/framework/base/CApplication.php(158): CWebApplication->processRequest()
#19 /var/www/yiiblognew/index.php(11): CWebApplication->run()
REQUEST_URI=/yiiblognew/post/test
2011/09/29 18:15:47 [error] [php] Trying to get property of non-object (/var/www/yiiblognew/themes/classic/views/comment/_form.php:17)
Stack trace:
#0 /var/www/yii/framework/web/CController.php(866): PostController->renderFile()
#1 /var/www/yiiblognew/themes/classic/views/post/show.php(23): PostController->renderPartial()
#2 /var/www/yii/framework/web/CBaseController.php(119): require()
#3 /var/www/yii/framework/web/CBaseController.php(88): PostController->renderInternal()
#4 /var/www/yii/framework/web/CController.php(866): PostController->renderFile()
#5 /var/www/yii/framework/web/CController.php(779): PostController->renderPartial()
#6 /var/www/yiiblognew/protected/controllers/PostController.php(80): PostController->render()
#7 /var/www/yii/framework/web/actions/CInlineAction.php(50): PostController->actionShow()
#8 /var/www/yii/framework/web/CController.php(300): CInlineAction->runWithParams()
#9 /var/www/yii/framework/web/filters/CFilterChain.php(134): PostController->runAction()
#10 /var/www/yii/framework/web/filters/CFilter.php(41): CFilterChain->run()
#11 /var/www/yii/framework/web/CController.php(1144): CAccessControlFilter->filter()
#12 /var/www/yii/framework/web/filters/CInlineFilter.php(59): PostController->filterAccessControl()
#13 /var/www/yii/framework/web/filters/CFilterChain.php(131): CInlineFilter->filter()
#14 /var/www/yii/framework/web/CController.php(283): CFilterChain->run()
#15 /var/www/yii/framework/web/CController.php(257): PostController->runActionWithFilters()
#16 /var/www/yii/framework/web/CWebApplication.php(277): PostController->run()
#17 /var/www/yii/framework/web/CWebApplication.php(136): CWebApplication->runController()
#18 /var/www/yii/framework/base/CApplication.php(158): CWebApplication->processRequest()
#19 /var/www/yiiblognew/index.php(11): CWebApplication->run()
REQUEST_URI=/yiiblognew/post/test
2011/09/29 18:16:28 [warning] [application] Failed to set unsafe attribute "rememberMe" of "LoginForm".
2011/09/29 18:16:28 [error] [php] Trying to get property of non-object (/var/www/yiiblognew/themes/classic/views/comment/_list.php:10)
Stack trace:
#0 /var/www/yii/framework/web/CController.php(866): PostController->renderFile()
#1 /var/www/yiiblognew/themes/classic/views/post/show.php(16): PostController->renderPartial()
#2 /var/www/yii/framework/web/CBaseController.php(119): require()
#3 /var/www/yii/framework/web/CBaseController.php(88): PostController->renderInternal()
#4 /var/www/yii/framework/web/CController.php(866): PostController->renderFile()
#5 /var/www/yii/framework/web/CController.php(779): PostController->renderPartial()
#6 /var/www/yiiblognew/protected/controllers/PostController.php(80): PostController->render()
#7 /var/www/yii/framework/web/actions/CInlineAction.php(50): PostController->actionShow()
#8 /var/www/yii/framework/web/CController.php(300): CInlineAction->runWithParams()
#9 /var/www/yii/framework/web/filters/CFilterChain.php(134): PostController->runAction()
#10 /var/www/yii/framework/web/filters/CFilter.php(41): CFilterChain->run()
#11 /var/www/yii/framework/web/CController.php(1144): CAccessControlFilter->filter()
#12 /var/www/yii/framework/web/filters/CInlineFilter.php(59): PostController->filterAccessControl()
#13 /var/www/yii/framework/web/filters/CFilterChain.php(131): CInlineFilter->filter()
#14 /var/www/yii/framework/web/CController.php(283): CFilterChain->run()
#15 /var/www/yii/framework/web/CController.php(257): PostController->runActionWithFilters()
#16 /var/www/yii/framework/web/CWebApplication.php(277): PostController->run()
#17 /var/www/yii/framework/web/CWebApplication.php(136): CWebApplication->runController()
#18 /var/www/yii/framework/base/CApplication.php(158): CWebApplication->processRequest()
#19 /var/www/yiiblognew/index.php(11): CWebApplication->run()
REQUEST_URI=/yiiblognew/post/test
2011/09/29 18:17:14 [error] [php] Trying to get property of non-object (/var/www/yiiblognew/themes/classic/views/comment/_list.php:31)
Stack trace:
#0 /var/www/yii/framework/web/CController.php(866): PostController->renderFile()
#1 /var/www/yiiblognew/themes/classic/views/post/show.php(16): PostController->renderPartial()
#2 /var/www/yii/framework/web/CBaseController.php(119): require()
#3 /var/www/yii/framework/web/CBaseController.php(88): PostController->renderInternal()
#4 /var/www/yii/framework/web/CController.php(866): PostController->renderFile()
#5 /var/www/yii/framework/web/CController.php(779): PostController->renderPartial()
#6 /var/www/yiiblognew/protected/controllers/PostController.php(80): PostController->render()
#7 /var/www/yii/framework/web/actions/CInlineAction.php(50): PostController->actionShow()
#8 /var/www/yii/framework/web/CController.php(300): CInlineAction->runWithParams()
#9 /var/www/yii/framework/web/filters/CFilterChain.php(134): PostController->runAction()
#10 /var/www/yii/framework/web/filters/CFilter.php(41): CFilterChain->run()
#11 /var/www/yii/framework/web/CController.php(1144): CAccessControlFilter->filter()
#12 /var/www/yii/framework/web/filters/CInlineFilter.php(59): PostController->filterAccessControl()
#13 /var/www/yii/framework/web/filters/CFilterChain.php(131): CInlineFilter->filter()
#14 /var/www/yii/framework/web/CController.php(283): CFilterChain->run()
#15 /var/www/yii/framework/web/CController.php(257): PostController->runActionWithFilters()
#16 /var/www/yii/framework/web/CWebApplication.php(277): PostController->run()
#17 /var/www/yii/framework/web/CWebApplication.php(136): CWebApplication->runController()
#18 /var/www/yii/framework/base/CApplication.php(158): CWebApplication->processRequest()
#19 /var/www/yiiblognew/index.php(11): CWebApplication->run()
REQUEST_URI=/yiiblognew/post/test
2011/09/29 18:17:29 [error] [php] Trying to get property of non-object (/var/www/yiiblognew/themes/classic/views/post/admin.php:22)
Stack trace:
#0 /var/www/yii/framework/web/CController.php(866): PostController->renderFile()
#1 /var/www/yii/framework/web/CController.php(779): PostController->renderPartial()
#2 /var/www/yiiblognew/protected/controllers/PostController.php(203): PostController->render()
#3 /var/www/yii/framework/web/actions/CInlineAction.php(50): PostController->actionAdmin()
#4 /var/www/yii/framework/web/CController.php(300): CInlineAction->runWithParams()
#5 /var/www/yii/framework/web/filters/CFilterChain.php(134): PostController->runAction()
#6 /var/www/yii/framework/web/filters/CFilter.php(41): CFilterChain->run()
#7 /var/www/yii/framework/web/CController.php(1144): CAccessControlFilter->filter()
#8 /var/www/yii/framework/web/filters/CInlineFilter.php(59): PostController->filterAccessControl()
#9 /var/www/yii/framework/web/filters/CFilterChain.php(131): CInlineFilter->filter()
#10 /var/www/yii/framework/web/CController.php(283): CFilterChain->run()
#11 /var/www/yii/framework/web/CController.php(257): PostController->runActionWithFilters()
#12 /var/www/yii/framework/web/CWebApplication.php(277): PostController->run()
#13 /var/www/yii/framework/web/CWebApplication.php(136): CWebApplication->runController()
#14 /var/www/yii/framework/base/CApplication.php(158): CWebApplication->processRequest()
#15 /var/www/yiiblognew/index.php(11): CWebApplication->run()
REQUEST_URI=/yiiblognew/posts/admin
2011/09/29 18:22:08 [warning] [application] Failed to set unsafe attribute "categoryId" of "Post".
2011/09/29 18:22:26 [error] [php] Trying to get property of non-object (/var/www/yiiblognew/themes/classic/views/post/admin.php:23)
Stack trace:
#0 /var/www/yii/framework/web/CController.php(866): PostController->renderFile()
#1 /var/www/yii/framework/web/CController.php(779): PostController->renderPartial()
#2 /var/www/yiiblognew/protected/controllers/PostController.php(203): PostController->render()
#3 /var/www/yii/framework/web/actions/CInlineAction.php(50): PostController->actionAdmin()
#4 /var/www/yii/framework/web/CController.php(300): CInlineAction->runWithParams()
#5 /var/www/yii/framework/web/filters/CFilterChain.php(134): PostController->runAction()
#6 /var/www/yii/framework/web/filters/CFilter.php(41): CFilterChain->run()
#7 /var/www/yii/framework/web/CController.php(1144): CAccessControlFilter->filter()
#8 /var/www/yii/framework/web/filters/CInlineFilter.php(59): PostController->filterAccessControl()
#9 /var/www/yii/framework/web/filters/CFilterChain.php(131): CInlineFilter->filter()
#10 /var/www/yii/framework/web/CController.php(283): CFilterChain->run()
#11 /var/www/yii/framework/web/CController.php(257): PostController->runActionWithFilters()
#12 /var/www/yii/framework/web/CWebApplication.php(277): PostController->run()
#13 /var/www/yii/framework/web/CWebApplication.php(136): CWebApplication->runController()
#14 /var/www/yii/framework/base/CApplication.php(158): CWebApplication->processRequest()
#15 /var/www/yiiblognew/index.php(11): CWebApplication->run()
REQUEST_URI=/yiiblognew/posts/admin
2011/09/29 18:23:16 [error] [php] Missing argument 1 for Page::beforeValidate(), called in /var/www/yii/framework/base/CModel.php on line 149 and defined (/var/www/yiiblognew/protected/models/Page.php:91)
Stack trace:
#0 /var/www/yiiblognew/protected/controllers/PageController.php(71): Page->save()
#1 /var/www/yii/framework/web/actions/CInlineAction.php(50): PageController->actionCreate()
#2 /var/www/yii/framework/web/CController.php(300): CInlineAction->runWithParams()
#3 /var/www/yii/framework/web/filters/CFilterChain.php(134): PageController->runAction()
#4 /var/www/yii/framework/web/filters/CFilter.php(41): CFilterChain->run()
#5 /var/www/yii/framework/web/CController.php(1144): CAccessControlFilter->filter()
#6 /var/www/yii/framework/web/filters/CInlineFilter.php(59): PageController->filterAccessControl()
#7 /var/www/yii/framework/web/filters/CFilterChain.php(131): CInlineFilter->filter()
#8 /var/www/yii/framework/web/CController.php(283): CFilterChain->run()
#9 /var/www/yii/framework/web/CController.php(257): PageController->runActionWithFilters()
#10 /var/www/yii/framework/web/CWebApplication.php(277): PageController->run()
#11 /var/www/yii/framework/web/CWebApplication.php(136): CWebApplication->runController()
#12 /var/www/yii/framework/base/CApplication.php(158): CWebApplication->processRequest()
#13 /var/www/yiiblognew/index.php(11): CWebApplication->run()
REQUEST_URI=/yiiblognew/pages/create
2011/09/29 18:23:37 [error] [php] Undefined variable: id (/var/www/yiiblognew/protected/controllers/PageController.php:165)
Stack trace:
#0 /var/www/yii/framework/web/CController.php(300): CInlineAction->runWithParams()
#1 /var/www/yii/framework/web/filters/CFilterChain.php(134): PageController->runAction()
#2 /var/www/yii/framework/web/filters/CFilter.php(41): CFilterChain->run()
#3 /var/www/yii/framework/web/CController.php(1144): CAccessControlFilter->filter()
#4 /var/www/yii/framework/web/filters/CInlineFilter.php(59): PageController->filterAccessControl()
#5 /var/www/yii/framework/web/filters/CFilterChain.php(131): CInlineFilter->filter()
#6 /var/www/yii/framework/web/CController.php(283): CFilterChain->run()
#7 /var/www/yii/framework/web/CController.php(257): PageController->runActionWithFilters()
#8 /var/www/yii/framework/web/CWebApplication.php(277): PageController->run()
#9 /var/www/yii/framework/web/CWebApplication.php(136): CWebApplication->runController()
#10 /var/www/yii/framework/base/CApplication.php(158): CWebApplication->processRequest()
#11 /var/www/yiiblognew/index.php(11): CWebApplication->run()
REQUEST_URI=/yiiblognew/page/testpage
2011/09/29 18:24:42 [warning] [application] Failed to set unsafe attribute "about" of "User".
2011/09/29 18:24:51 [warning] [application] Failed to set unsafe attribute "about" of "User".
2011/09/29 18:24:51 [error] [php] Undefined index: davatar (/var/www/yiiblognew/protected/controllers/UserController.php:243)
Stack trace:
#0 /var/www/yii/framework/web/filters/CFilterChain.php(134): UserController->runAction()
#1 /var/www/yii/framework/web/filters/CFilter.php(41): CFilterChain->run()
#2 /var/www/yii/framework/web/CController.php(1144): CAccessControlFilter->filter()
#3 /var/www/yii/framework/web/filters/CInlineFilter.php(59): UserController->filterAccessControl()
#4 /var/www/yii/framework/web/filters/CFilterChain.php(131): CInlineFilter->filter()
#5 /var/www/yii/framework/web/CController.php(283): CFilterChain->run()
#6 /var/www/yii/framework/web/CController.php(257): UserController->runActionWithFilters()
#7 /var/www/yii/framework/web/CWebApplication.php(277): UserController->run()
#8 /var/www/yii/framework/web/CWebApplication.php(136): CWebApplication->runController()
#9 /var/www/yii/framework/base/CApplication.php(158): CWebApplication->processRequest()
#10 /var/www/yiiblognew/index.php(11): CWebApplication->run()
REQUEST_URI=/yiiblognew/user/update/1
2011/09/29 18:25:26 [warning] [application] Failed to set unsafe attribute "about" of "User".
2011/09/29 18:25:26 [error] [php] Undefined index: avatar (/var/www/yiiblognew/protected/controllers/UserController.php:243)
Stack trace:
#0 /var/www/yii/framework/web/filters/CFilterChain.php(134): UserController->runAction()
#1 /var/www/yii/framework/web/filters/CFilter.php(41): CFilterChain->run()
#2 /var/www/yii/framework/web/CController.php(1144): CAccessControlFilter->filter()
#3 /var/www/yii/framework/web/filters/CInlineFilter.php(59): UserController->filterAccessControl()
#4 /var/www/yii/framework/web/filters/CFilterChain.php(131): CInlineFilter->filter()
#5 /var/www/yii/framework/web/CController.php(283): CFilterChain->run()
#6 /var/www/yii/framework/web/CController.php(257): UserController->runActionWithFilters()
#7 /var/www/yii/framework/web/CWebApplication.php(277): UserController->run()
#8 /var/www/yii/framework/web/CWebApplication.php(136): CWebApplication->runController()
#9 /var/www/yii/framework/base/CApplication.php(158): CWebApplication->processRequest()
#10 /var/www/yiiblognew/index.php(11): CWebApplication->run()
REQUEST_URI=/yiiblognew/user/update/1
2011/09/29 18:25:38 [warning] [application] Failed to set unsafe attribute "about" of "User".
2011/09/29 18:26:40 [error] [exception.CHttpException.404] exception 'CHttpException' with message '无法解析请求 "uploads/avatar/n1gdeyn4wt.jpg"。' in /var/www/yii/framework/web/CWebApplication.php:281
Stack trace:
#0 /var/www/yii/framework/web/CWebApplication.php(136): CWebApplication->runController('uploads/avatar/...')
#1 /var/www/yii/framework/base/CApplication.php(158): CWebApplication->processRequest()
#2 /var/www/yiiblognew/index.php(11): CApplication->run()
#3 {main} REQUEST_URI=/yiiblognew/uploads/avatar/n1gdeyn4wt.jpg
2011/09/29 18:27:58 [warning] [application] Failed to set unsafe attribute "rememberMe" of "LoginForm".
